Removed Member From Class: ClassName=U_ESP32_C5 Member=Q?
Change Component Designator: OldDesignator=J7 NewDesignator=J2
Change Component Designator: OldDesignator=J? NewDesignator=J1
Change Component Designator: OldDesignator=Q1 NewDesignator=Q2
Change Component Designator: OldDesignator=Q2 NewDesignator=Q3
Change Component Designator: OldDesignator=Q? NewDesignator=Q1
Change Component Designator: OldDesignator=U6 NewDesignator=U2
Add component: Footprint Not Found SMD-0402C
Add component: Footprint Not Found SMD-0603C
Add component: Footprint Not Found SMD-0402C
Add component: Footprint Not Found SMD-0402C
Add component: Footprint Not Found SMD-0402C
Add component: Footprint Not Found SMD-0603C
Add component: Footprint Not Found SMD-0402C
Add component: Footprint Not Found SMD-0402C
Add component: Footprint Not Found SMD-0402C
Add component: Footprint Not Found SMD-0402C
Add component: Footprint Not Found SMD-0402C
Add component: Footprint Not Found SMD-0402C
Add component: Footprint Not Found SMD-0402C
Add component: Footprint Not Found SMD-0402-RES
Add component: Footprint Not Found SMD-0402-RES
Add component: Footprint Not Found SMD-0402-RES
Add component: Footprint Not Found SMD-0402-RES
Add component: Footprint Not Found SMD-0402-RES
Add component: Footprint Not Found SMD-0402-RES
Add component: Footprint Not Found SMD-0402-RES
Add component: Footprint Not Found SMD-0402-RES
Add component: Footprint Not Found SMD-0402-RES
Add component: Footprint Not Found SMD-0402-RES
Add component: Footprint Not Found SMD-0402-RES
Add component: Footprint Not Found SMD-0402-RES
Add component: Footprint Not Found SKRKAEE020
Add component: Footprint Not Found SKRKAEE020
Add component: Footprint Not Found SKRKAEE020
Add component: Footprint Not Found SKRKAEE020
Add component: Footprint Not Found ESP32C5WROOM1UN8R8
Add component: Footprint Not Found 114993390
Add component: Footprint Not Found QFN65P600X600X100-29N-D
Add component: Footprint Not Found QFN65P600X600X100-29N-D
Add Pin To Net: Unknown Pin: Pin C1-1
Add Pin To Net: Unknown Pin: Pin C1-2
Add Pin To Net: Unknown Pin: Pin C2-1
Add Pin To Net: Unknown Pin: Pin C2-2
Add Pin To Net: Unknown Pin: Pin C3-1
Add Pin To Net: Unknown Pin: Pin C3-2
Add Pin To Net: Unknown Pin: Pin C4-1
Add Pin To Net: Unknown Pin: Pin C4-2
Add Pin To Net: Unknown Pin: Pin C5-2
Add Pin To Net: Unknown Pin: Pin C6-1
Add Pin To Net: Unknown Pin: Pin C6-2
Add Pin To Net: Unknown Pin: Pin C7-1
Add Pin To Net: Unknown Pin: Pin C7-2
Add Pin To Net: Unknown Pin: Pin C8-1
Add Pin To Net: Unknown Pin: Pin C8-2
Add Pin To Net: Unknown Pin: Pin C9-1
Add Pin To Net: Unknown Pin: Pin C9-2
Add Pin To Net: Unknown Pin: Pin C10-1
Add Pin To Net: Unknown Pin: Pin C10-2
Add Pin To Net: Unknown Pin: Pin C11-1
Add Pin To Net: Unknown Pin: Pin C11-2
Add Pin To Net: Unknown Pin: Pin C12-1
Add Pin To Net: Unknown Pin: Pin C12-2
Add Pin To Net: Unknown Pin: Pin C13-1
Add Pin To Net: Unknown Pin: Pin C13-2
Add Pin To Net: Unknown Pin: Pin R1-1
Add Pin To Net: Unknown Pin: Pin R1-2
Add Pin To Net: Unknown Pin: Pin R2-2
Add Pin To Net: Unknown Pin: Pin R3-1
Add Pin To Net: Unknown Pin: Pin R3-2
Add Pin To Net: Unknown Pin: Pin R4-1
Add Pin To Net: Unknown Pin: Pin R4-2
Add Pin To Net: Unknown Pin: Pin R5-1
Add Pin To Net: Unknown Pin: Pin R5-2
Add Pin To Net: Unknown Pin: Pin R6-1
Add Pin To Net: Unknown Pin: Pin R6-2
Add Pin To Net: Unknown Pin: Pin R7-1
Add Pin To Net: Unknown Pin: Pin R7-2
Add Pin To Net: Unknown Pin: Pin R8-1
Add Pin To Net: Unknown Pin: Pin R8-2
Add Pin To Net: Unknown Pin: Pin R9-1
Add Pin To Net: Unknown Pin: Pin R9-2
Add Pin To Net: Unknown Pin: Pin R10-1
Add Pin To Net: Unknown Pin: Pin R10-2
Add Pin To Net: Unknown Pin: Pin R11-1
Add Pin To Net: Unknown Pin: Pin R11-2
Add Pin To Net: Unknown Pin: Pin R12-2
Add Pin To Net: Unknown Pin: Pin SW1-2
Add Pin To Net: Unknown Pin: Pin SW2-1
Add Pin To Net: Unknown Pin: Pin SW2-2
Add Pin To Net: Unknown Pin: Pin SW3-1
Add Pin To Net: Unknown Pin: Pin SW3-2
Add Pin To Net: Unknown Pin: Pin SW4-1
Add Pin To Net: Unknown Pin: Pin SW4-2
Add Pin To Net: Unknown Pin: Pin U1-1
Add Pin To Net: Unknown Pin: Pin U1-2
Add Pin To Net: Unknown Pin: Pin U1-6
Add Pin To Net: Unknown Pin: Pin U1-8
Add Pin To Net: Unknown Pin: Pin U1-10
Add Pin To Net: Unknown Pin: Pin U1-11
Add Pin To Net: Unknown Pin: Pin U1-15
Add Pin To Net: Unknown Pin: Pin U1-16
Add Pin To Net: Unknown Pin: Pin U1-18
Add Pin To Net: Unknown Pin: Pin U1-25
Add Pin To Net: Unknown Pin: Pin U1-28
Add Pin To Net: Unknown Pin: Pin U1-29
Add Pin To Net: Unknown Pin: Pin U1-30
Add Pin To Net: Unknown Pin: Pin U1-32
Add Pin To Net: Unknown Pin: Pin U3-1
Add Pin To Net: Unknown Pin: Pin U3-2
Add Pin To Net: Unknown Pin: Pin U3-3
Add Pin To Net: Unknown Pin: Pin U3-4
Add Pin To Net: Unknown Pin: Pin U3-5
Add Pin To Net: Unknown Pin: Pin U3-6
Add Pin To Net: Unknown Pin: Pin U3-7
Add Pin To Net: Unknown Pin: Pin U3-8
Add Pin To Net: Unknown Pin: Pin U3-10
Add Pin To Net: Unknown Pin: Pin U3-11
Add Pin To Net: Unknown Pin: Pin U3-12
Add Pin To Net: Unknown Pin: Pin U4-1
Add Pin To Net: Unknown Pin: Pin U4-2
Add Pin To Net: Unknown Pin: Pin U4-3
Add Pin To Net: Unknown Pin: Pin U4-4
Add Pin To Net: Unknown Pin: Pin U4-5
Add Pin To Net: Unknown Pin: Pin U4-6
Add Pin To Net: Unknown Pin: Pin U4-8
Add Pin To Net: Unknown Pin: Pin U4-9
Add Pin To Net: Unknown Pin: Pin U4-11
Add Pin To Net: Unknown Pin: Pin U4-12
Add Pin To Net: Unknown Pin: Pin U4-13
Add Pin To Net: Unknown Pin: Pin U4-14
Add Pin To Net: Unknown Pin: Pin U4-17
Add Pin To Net: Unknown Pin: Pin U4-18
Add Pin To Net: Unknown Pin: Pin U4-19
Add Pin To Net: Unknown Pin: Pin U4-20
Add Pin To Net: Unknown Pin: Pin U4-21
Add Pin To Net: Unknown Pin: Pin U4-22
Add Pin To Net: Unknown Pin: Pin U4-23
Add Pin To Net: Unknown Pin: Pin U4-24
Add Pin To Net: Unknown Pin: Pin U4-25
Add Pin To Net: Unknown Pin: Pin U4-26
Add Pin To Net: Unknown Pin: Pin U4-27
Add Pin To Net: Unknown Pin: Pin U4-28
Add Pin To Net: Unknown Pin: Pin U4-29
Add Pin To Net: Unknown Pin: Pin U5-5
Add Pin To Net: Unknown Pin: Pin U5-6
Add Pin To Net: Unknown Pin: Pin U5-8
Add Pin To Net: Unknown Pin: Pin U5-9
Add Pin To Net: Unknown Pin: Pin U5-12
Add Pin To Net: Unknown Pin: Pin U5-13
Add Pin To Net: Unknown Pin: Pin U5-14
Add Pin To Net: Unknown Pin: Pin U5-16
Add Pin To Net: Unknown Pin: Pin U5-18
Add Pin To Net: Unknown Pin: Pin U5-25
Add Pin To Net: Unknown Pin: Pin U5-29
Change Net Name : Old Net Name=NetU6_25 New Net Name=NetU2_25
Add Net: Net with name "C5_EN" already exists
Add Net: Net with name "C5_UART_RX" already exists
Add Net: Net with name "C5_UART_TX" already exists
Added Net: Name=NetR12_1
Added Net: Name=NetU1_12
Added Net: Name=NetU5_17
Add Class Member: Failed to add class member : Component C1 0.10µF
Add Class Member: Failed to add class member : Component C2 10µF
Add Class Member: Failed to add class member : Component C3 4.7µF
Add Class Member: Failed to add class member : Component C4 0.10µF
Add Class Member: Failed to add class member : Component C5 1µF
Add Class Member: Failed to add class member : Component C6 10µF
Add Class Member: Failed to add class member : Component C7 4.7µF
Add Class Member: Failed to add class member : Component C8 0.10µF
Add Class Member: Failed to add class member : Component C9 1µF
Add Class Member: Failed to add class member : Component C10 4.7µF
Add Class Member: Failed to add class member : Component C11 0.10µF
Add Class Member: Failed to add class member : Component C12 0.10µF
Add Class Member: Failed to add class member : Component C13 0.10µF
Added Member To Class: ClassName=U_ESP32_C5 Member=Component Q2 DMN67D7L-13
Add Class Member: Failed to add class member : Component R1 10k
Add Class Member: Failed to add class member : Component R2 10k
Add Class Member: Failed to add class member : Component R3 10k
Add Class Member: Failed to add class member : Component R4 10k
Add Class Member: Failed to add class member : Component R5 4.7k
Add Class Member: Failed to add class member : Component R6 4.7k
Add Class Member: Failed to add class member : Component R7 10k
Add Class Member: Failed to add class member : Component R8 10k
Add Class Member: Failed to add class member : Component R9 10k
Add Class Member: Failed to add class member : Component R10 10k
Add Class Member: Failed to add class member : Component R11 10k
Add Class Member: Failed to add class member : Component R12 10k
Add Class Member: Failed to add class member : Component SW1 SKRKAEE020
Add Class Member: Failed to add class member : Component SW2 SKRKAEE020
Add Class Member: Failed to add class member : Component SW3 SKRKAEE020
Add Class Member: Failed to add class member : Component SW4 SKRKAEE020
Add Class Member: Failed to add class member : Component U1 ESP32-C5-WROOM-1U-N8R8
Add Class Member: Failed to add class member : Component U3 WIO-SX1262
Add Class Member: Failed to add class member : Component U4 MCP23017T-E/ML
Add Class Member: Failed to add class member : Component U5 MCP23017T-E/ML
